<?xml version="1.0" encoding="UTF-8"?>
<!-- Generated by org.testng.reporters.JUnitReportReporter -->
<testsuite skipped="2" hostname="DESKTOP-7FVS2K0" name="com.hbsp.mytests.LoginTest" tests="3" failures="0" timestamp="2020-02-25T10:22:03 IST" time="24.121" errors="0">
  <testcase name="doLoginTest" time="24.121" classname="com.hbsp.mytests.LoginTest"/>
  <system-out/>
  <testcase name="loginPageTitleTest" classname="com.hbsp.mytests.LoginTest">
    <skipped/>
  </testcase> <!-- loginPageTitleTest -->
  <system-out/>
  <testcase name="loginPageHeaderTest" classname="com.hbsp.mytests.LoginTest">
    <skipped/>
  </testcase> <!-- loginPageHeaderTest -->
  <system-out/>
</testsuite> <!-- com.hbsp.mytests.LoginTest -->
